[debug] [2021-05-12T15:06:32.714Z] ----------------------------------------------------------------------
[debug] [2021-05-12T15:06:32.717Z] Command:       C:\Program Files\nodejs\node.exe C:\Users\Abhirup5Dutta\AppData\Roaming\npm\node_modules\firebase-tools\lib\bin\firebase.js emulators:start
[debug] [2021-05-12T15:06:32.718Z] CLI Version:   9.10.1
[debug] [2021-05-12T15:06:32.718Z] Platform:      win32
[debug] [2021-05-12T15:06:32.718Z] Node Version:  v14.16.1
[debug] [2021-05-12T15:06:32.719Z] Time:          Wed May 12 2021 20:36:32 GMT+0530 (India Standard Time)
[debug] [2021-05-12T15:06:32.719Z] ----------------------------------------------------------------------
[debug] 
[debug] [2021-05-12T15:06:32.729Z] > command requires scopes: ["email","openid","https://www.googleapis.com/auth/cloudplatformprojects.readonly","https://www.googleapis.com/auth/firebase","https://www.googleapis.com/auth/cloud-platform"]
[debug] [2021-05-12T15:06:32.729Z] > authorizing via signed-in user (abhirupdutta04acse@gmail.com)
[info] i  emulators: Starting emulators: functions, hosting {"metadata":{"emulator":{"name":"hub"},"message":"Starting emulators: functions, hosting"}}
[warn] !  emulators: It seems that you are running multiple instances of the emulator suite for project clone-d2987. This may result in unexpected behavior. 
[debug] [2021-05-12T15:06:32.774Z] [hub] writing locator at C:\Users\ABHIRU~1\AppData\Local\Temp\hub-clone-d2987.json
[warn] !  functions: The following emulators are not running, calls to these services from the Functions emulator will affect production: auth, firestore, database, pubsub {"metadata":{"emulator":{"name":"functions"},"message":"The following emulators are not running, calls to these services from the Functions emulator will affect production: \u001b[1mauth, firestore, database, pubsub\u001b[22m"}}
[warn] !  Your requested "node" version "12" doesn't match your global version "14" {"metadata":{"emulator":{"name":"functions"},"message":"Your requested \"node\" version \"12\" doesn't match your global version \"14\""}}
[debug] [2021-05-12T15:06:32.824Z] defaultcredentials: writing to file C:\Users\Abhirup5Dutta\AppData\Roaming\firebase\abhirupdutta04acse_gmail_com_application_default_credentials.json
[debug] [2021-05-12T15:06:32.826Z] Setting GAC to C:\Users\Abhirup5Dutta\AppData\Roaming\firebase\abhirupdutta04acse_gmail_com_application_default_credentials.json {"metadata":{"emulator":{"name":"functions"},"message":"Setting GAC to C:\\Users\\Abhirup5Dutta\\AppData\\Roaming\\firebase\\abhirupdutta04acse_gmail_com_application_default_credentials.json"}}
[debug] [2021-05-12T15:06:32.830Z] > refreshing access token with scopes: []
[debug] [2021-05-12T15:06:32.831Z] >>> HTTP REQUEST POST https://www.googleapis.com/oauth2/v3/token  
 <request body omitted>
[debug] [2021-05-12T15:06:33.175Z] <<< HTTP RESPONSE 200 {"expires":"Mon, 01 Jan 1990 00:00:00 GMT","date":"Wed, 12 May 2021 15:06:33 GMT","pragma":"no-cache","cache-control":"no-cache, no-store, max-age=0, must-revalidate","content-type":"application/json; charset=utf-8","vary":"X-Origin, Referer, Origin,Accept-Encoding","server":"scaffolding on HTTPServer2","x-xss-protection":"0","x-frame-options":"SAMEORIGIN","x-content-type-options":"nosniff","alt-svc":"h3-29=\":443\"; ma=2592000,h3-T051=\":443\"; ma=2592000,h3-Q050=\":443\"; ma=2592000,h3-Q046=\":443\"; ma=2592000,h3-Q043=\":443\"; ma=2592000,quic=\":443\"; ma=2592000; v=\"46,43\"","accept-ranges":"none","transfer-encoding":"chunked"}
[debug] [2021-05-12T15:06:33.196Z] >>> [apiv2][query] GET https://firebase.googleapis.com/v1beta1/projects/clone-d2987/adminSdkConfig [none]
[debug] [2021-05-12T15:06:33.926Z] <<< [apiv2][status] GET https://firebase.googleapis.com/v1beta1/projects/clone-d2987/adminSdkConfig 200
[debug] [2021-05-12T15:06:33.926Z] <<< [apiv2][body] GET https://firebase.googleapis.com/v1beta1/projects/clone-d2987/adminSdkConfig {"projectId":"clone-d2987","databaseURL":"https://clone-d2987-default-rtdb.firebaseio.com","storageBucket":"clone-d2987.appspot.com","locationId":"us-central"}
[debug] [2021-05-12T15:06:33.945Z] >>> [apiv2][query] GET https://firebasehosting.googleapis.com/v1beta1/projects/clone-d2987/sites 
[debug] [2021-05-12T15:06:35.726Z] <<< [apiv2][status] GET https://firebasehosting.googleapis.com/v1beta1/projects/clone-d2987/sites 200
[debug] [2021-05-12T15:06:35.726Z] <<< [apiv2][body] GET https://firebasehosting.googleapis.com/v1beta1/projects/clone-d2987/sites {"sites":[{"name":"projects/520666560444/sites/clone-d2987","defaultUrl":"https://clone-d2987.web.app","appId":"1:520666560444:web:61ca5788eae0e2be7bddb9","type":"DEFAULT_SITE"}]}
[debug] [2021-05-12T15:06:35.726Z] >>> [apiv2][query] GET https://firebase.googleapis.com/v1beta1/projects/clone-d2987/webApps/1:520666560444:web:61ca5788eae0e2be7bddb9/config [none]
[debug] [2021-05-12T15:06:37.124Z] <<< [apiv2][status] GET https://firebase.googleapis.com/v1beta1/projects/clone-d2987/webApps/1:520666560444:web:61ca5788eae0e2be7bddb9/config 200
[debug] [2021-05-12T15:06:37.124Z] <<< [apiv2][body] GET https://firebase.googleapis.com/v1beta1/projects/clone-d2987/webApps/1:520666560444:web:61ca5788eae0e2be7bddb9/config {"projectId":"clone-d2987","appId":"1:520666560444:web:61ca5788eae0e2be7bddb9","databaseURL":"https://clone-d2987-default-rtdb.firebaseio.com","storageBucket":"clone-d2987.appspot.com","locationId":"us-central","apiKey":"AIzaSyAPmeBPkpoK1wdj95o0SS3I4VfuYEDUZNA","authDomain":"clone-d2987.firebaseapp.com","messagingSenderId":"520666560444","measurementId":"G-FZ8X2T0X3K"}
[info] i  hosting: Serving hosting files from: build {"metadata":{"emulator":{"name":"hosting"},"message":"Serving hosting files from: \u001b[1mbuild\u001b[22m"}}
[info] +  hosting: Local server: http://localhost:5000 {"metadata":{"emulator":{"name":"hosting"},"message":"Local server: \u001b[4m\u001b[1mhttp://localhost:5000\u001b[22m\u001b[24m"}}
[debug] [2021-05-12T15:06:37.174Z] Ignoring unsupported arg: auto_download {"metadata":{"emulator":{"name":"ui"},"message":"Ignoring unsupported arg: auto_download"}}
[debug] [2021-05-12T15:06:37.175Z] Ignoring unsupported arg: port {"metadata":{"emulator":{"name":"ui"},"message":"Ignoring unsupported arg: port"}}
[debug] [2021-05-12T15:06:37.175Z] Starting Emulator UI with command {"binary":"node","args":["C:\\Users\\Abhirup5Dutta\\.cache\\firebase\\emulators\\ui-v1.4.2\\server.bundle.js"],"optionalArgs":[],"joinArgs":false} {"metadata":{"emulator":{"name":"ui"},"message":"Starting Emulator UI with command {\"binary\":\"node\",\"args\":[\"C:\\\\Users\\\\Abhirup5Dutta\\\\.cache\\\\firebase\\\\emulators\\\\ui-v1.4.2\\\\server.bundle.js\"],\"optionalArgs\":[],\"joinArgs\":false}"}}
[info] i  ui: Emulator UI logging to ui-debug.log {"metadata":{"emulator":{"name":"ui"},"message":"Emulator UI logging to \u001b[1mui-debug.log\u001b[22m"}}
[debug] [2021-05-12T15:06:37.330Z] Web / API server started at http://localhost:4000
 {"metadata":{"emulator":{"name":"ui"},"message":"Web / API server started at http://localhost:4000\n"}}
[info] i  functions: Watching "D:\Complete React Course\amazon-clone\amazon-clone\functions" for Cloud Functions... {"metadata":{"emulator":{"name":"functions"},"message":"Watching \"D:\\Complete React Course\\amazon-clone\\amazon-clone\\functions\" for Cloud Functions..."}}
[debug] [2021-05-12T15:06:37.476Z] [worker-pool] addWorker(~diagnostic~) {"metadata":{"emulator":{"name":"functions"},"message":"[worker-pool] addWorker(~diagnostic~)"}}
[debug] [2021-05-12T15:06:37.477Z] [worker-pool] Adding worker with key ~diagnostic~, total=1 {"metadata":{"emulator":{"name":"functions"},"message":"[worker-pool] Adding worker with key ~diagnostic~, total=1"}}
[debug] [2021-05-12T15:06:37.477Z] [worker-pool] submitWork(triggerId=) {"metadata":{"emulator":{"name":"functions"},"message":"[worker-pool] submitWork(triggerId=)"}}
[debug] [2021-05-12T15:06:37.478Z] [worker-~diagnostic~-20a63b90-ef33-4e31-9d33-bd1c2388d318]: Assigning socketPath: \\?\pipe\D:\Complete React Course\amazon-clone\amazon-clone\functions\15660 {"metadata":{"emulator":{"name":"functions"},"message":"[worker-~diagnostic~-20a63b90-ef33-4e31-9d33-bd1c2388d318]: Assigning socketPath: \\\\?\\pipe\\D:\\Complete React Course\\amazon-clone\\amazon-clone\\functions\\15660"}}
[debug] [2021-05-12T15:06:37.478Z] [worker-~diagnostic~-20a63b90-ef33-4e31-9d33-bd1c2388d318]: BUSY {"metadata":{"emulator":{"name":"functions"},"message":"[worker-~diagnostic~-20a63b90-ef33-4e31-9d33-bd1c2388d318]: BUSY"}}
[debug] [2021-05-12T15:06:37.757Z] [runtime-status] [15660] Functions runtime initialized. {"cwd":"D:\\Complete React Course\\amazon-clone\\amazon-clone\\functions","node_version":"14.16.1"} {"metadata":{"emulator":{"name":"functions"},"message":"[runtime-status] [15660] Functions runtime initialized. {\"cwd\":\"D:\\\\Complete React Course\\\\amazon-clone\\\\amazon-clone\\\\functions\",\"node_version\":\"14.16.1\"}"}}
[debug] [2021-05-12T15:06:37.758Z] [runtime-status] [15660] Disabled runtime features: undefined {"metadata":{"emulator":{"name":"functions"},"message":"[runtime-status] [15660] Disabled runtime features: undefined"}}
[debug] [2021-05-12T15:06:37.784Z] [runtime-status] [15660] Resolved module firebase-admin {"declared":true,"installed":true,"version":"9.7.0","resolution":"D:\\Complete React Course\\amazon-clone\\amazon-clone\\functions\\node_modules\\firebase-admin\\lib\\index.js"} {"metadata":{"emulator":{"name":"functions"},"message":"[runtime-status] [15660] Resolved module firebase-admin {\"declared\":true,\"installed\":true,\"version\":\"9.7.0\",\"resolution\":\"D:\\\\Complete React Course\\\\amazon-clone\\\\amazon-clone\\\\functions\\\\node_modules\\\\firebase-admin\\\\lib\\\\index.js\"}"}}
[debug] [2021-05-12T15:06:37.788Z] [runtime-status] [15660] Resolved module firebase-functions {"declared":true,"installed":true,"version":"3.13.2","resolution":"D:\\Complete React Course\\amazon-clone\\amazon-clone\\functions\\node_modules\\firebase-functions\\lib\\index.js"} {"metadata":{"emulator":{"name":"functions"},"message":"[runtime-status] [15660] Resolved module firebase-functions {\"declared\":true,\"installed\":true,\"version\":\"3.13.2\",\"resolution\":\"D:\\\\Complete React Course\\\\amazon-clone\\\\amazon-clone\\\\functions\\\\node_modules\\\\firebase-functions\\\\lib\\\\index.js\"}"}}
[debug] [2021-05-12T15:06:37.790Z] [runtime-status] [15660] Resolved module firebase-functions {"declared":true,"installed":true,"version":"3.13.2","resolution":"D:\\Complete React Course\\amazon-clone\\amazon-clone\\functions\\node_modules\\firebase-functions\\lib\\index.js"} {"metadata":{"emulator":{"name":"functions"},"message":"[runtime-status] [15660] Resolved module firebase-functions {\"declared\":true,\"installed\":true,\"version\":\"3.13.2\",\"resolution\":\"D:\\\\Complete React Course\\\\amazon-clone\\\\amazon-clone\\\\functions\\\\node_modules\\\\firebase-functions\\\\lib\\\\index.js\"}"}}
[debug] [2021-05-12T15:06:37.793Z] [runtime-status] [15660] Outgoing network have been stubbed. [{"name":"http","status":"mocked"},{"name":"http","status":"mocked"},{"name":"https","status":"mocked"},{"name":"https","status":"mocked"},{"name":"net","status":"mocked"}] {"metadata":{"emulator":{"name":"functions"},"message":"[runtime-status] [15660] Outgoing network have been stubbed. [{\"name\":\"http\",\"status\":\"mocked\"},{\"name\":\"http\",\"status\":\"mocked\"},{\"name\":\"https\",\"status\":\"mocked\"},{\"name\":\"https\",\"status\":\"mocked\"},{\"name\":\"net\",\"status\":\"mocked\"}]"}}
[debug] [2021-05-12T15:06:37.794Z] [runtime-status] [15660] Resolved module firebase-functions {"declared":true,"installed":true,"version":"3.13.2","resolution":"D:\\Complete React Course\\amazon-clone\\amazon-clone\\functions\\node_modules\\firebase-functions\\lib\\index.js"} {"metadata":{"emulator":{"name":"functions"},"message":"[runtime-status] [15660] Resolved module firebase-functions {\"declared\":true,\"installed\":true,\"version\":\"3.13.2\",\"resolution\":\"D:\\\\Complete React Course\\\\amazon-clone\\\\amazon-clone\\\\functions\\\\node_modules\\\\firebase-functions\\\\lib\\\\index.js\"}"}}
[debug] [2021-05-12T15:06:37.917Z] [runtime-status] [15660] Checked functions.config() {"config":{}} {"metadata":{"emulator":{"name":"functions"},"message":"[runtime-status] [15660] Checked functions.config() {\"config\":{}}"}}
[debug] [2021-05-12T15:06:37.917Z] [runtime-status] [15660] firebase-functions has been stubbed. {"functionsResolution":{"declared":true,"installed":true,"version":"3.13.2","resolution":"D:\\Complete React Course\\amazon-clone\\amazon-clone\\functions\\node_modules\\firebase-functions\\lib\\index.js"}} {"metadata":{"emulator":{"name":"functions"},"message":"[runtime-status] [15660] firebase-functions has been stubbed. {\"functionsResolution\":{\"declared\":true,\"installed\":true,\"version\":\"3.13.2\",\"resolution\":\"D:\\\\Complete React Course\\\\amazon-clone\\\\amazon-clone\\\\functions\\\\node_modules\\\\firebase-functions\\\\lib\\\\index.js\"}}"}}
[debug] [2021-05-12T15:06:37.919Z] [runtime-status] [15660] Resolved module firebase-functions {"declared":true,"installed":true,"version":"3.13.2","resolution":"D:\\Complete React Course\\amazon-clone\\amazon-clone\\functions\\node_modules\\firebase-functions\\lib\\index.js"} {"metadata":{"emulator":{"name":"functions"},"message":"[runtime-status] [15660] Resolved module firebase-functions {\"declared\":true,\"installed\":true,\"version\":\"3.13.2\",\"resolution\":\"D:\\\\Complete React Course\\\\amazon-clone\\\\amazon-clone\\\\functions\\\\node_modules\\\\firebase-functions\\\\lib\\\\index.js\"}"}}
[debug] [2021-05-12T15:06:37.920Z] [runtime-status] [15660] Resolved module firebase-admin {"declared":true,"installed":true,"version":"9.7.0","resolution":"D:\\Complete React Course\\amazon-clone\\amazon-clone\\functions\\node_modules\\firebase-admin\\lib\\index.js"} {"metadata":{"emulator":{"name":"functions"},"message":"[runtime-status] [15660] Resolved module firebase-admin {\"declared\":true,\"installed\":true,\"version\":\"9.7.0\",\"resolution\":\"D:\\\\Complete React Course\\\\amazon-clone\\\\amazon-clone\\\\functions\\\\node_modules\\\\firebase-admin\\\\lib\\\\index.js\"}"}}
[debug] [2021-05-12T15:06:37.921Z] [runtime-status] [15660] Resolved module firebase-functions {"declared":true,"installed":true,"version":"3.13.2","resolution":"D:\\Complete React Course\\amazon-clone\\amazon-clone\\functions\\node_modules\\firebase-functions\\lib\\index.js"} {"metadata":{"emulator":{"name":"functions"},"message":"[runtime-status] [15660] Resolved module firebase-functions {\"declared\":true,\"installed\":true,\"version\":\"3.13.2\",\"resolution\":\"D:\\\\Complete React Course\\\\amazon-clone\\\\amazon-clone\\\\functions\\\\node_modules\\\\firebase-functions\\\\lib\\\\index.js\"}"}}
[debug] [2021-05-12T15:06:37.921Z] [runtime-status] [15660] firebase-admin has been stubbed. {"adminResolution":{"declared":true,"installed":true,"version":"9.7.0","resolution":"D:\\Complete React Course\\amazon-clone\\amazon-clone\\functions\\node_modules\\firebase-admin\\lib\\index.js"}} {"metadata":{"emulator":{"name":"functions"},"message":"[runtime-status] [15660] firebase-admin has been stubbed. {\"adminResolution\":{\"declared\":true,\"installed\":true,\"version\":\"9.7.0\",\"resolution\":\"D:\\\\Complete React Course\\\\amazon-clone\\\\amazon-clone\\\\functions\\\\node_modules\\\\firebase-admin\\\\lib\\\\index.js\"}}"}}
[info] +  functions[api]: http function initialized (http://localhost:5001/clone-d2987/us-central1/api). {"metadata":{"emulator":{"name":"functions"},"message":"\u001b[1mhttp\u001b[22m function initialized (http://localhost:5001/clone-d2987/us-central1/api)."}}
[info] 
┌─────────────────────────────────────────────────────────────┐
│ ✔  All emulators ready! It is now safe to connect your app. │
│ i  View Emulator UI at http://localhost:4000                │
└─────────────────────────────────────────────────────────────┘

┌───────────┬────────────────┬─────────────────────────────────┐
│ Emulator  │ Host:Port      │ View in Emulator UI             │
├───────────┼────────────────┼─────────────────────────────────┤
│ Functions │ localhost:5001 │ http://localhost:4000/functions │
├───────────┼────────────────┼─────────────────────────────────┤
│ Hosting   │ localhost:5000 │ n/a                             │
└───────────┴────────────────┴─────────────────────────────────┘
  Emulator Hub running at localhost:4400
  Other reserved ports: 4500

Issues? Report them at https://github.com/firebase/firebase-tools/issues and attach the *-debug.log files.
 
[debug] [2021-05-12T15:06:38.309Z] [worker-~diagnostic~-20a63b90-ef33-4e31-9d33-bd1c2388d318]: IDLE {"metadata":{"emulator":{"name":"functions"},"message":"[worker-~diagnostic~-20a63b90-ef33-4e31-9d33-bd1c2388d318]: IDLE"}}
[debug] [2021-05-12T15:07:11.874Z] [work-queue] {"queueLength":1,"workRunningCount":0}
[debug] [2021-05-12T15:07:11.875Z] [work-queue] {"queueLength":0,"workRunningCount":1}
[debug] [2021-05-12T15:07:11.875Z] Accepted request POST /clone-d2987/us-central1/api/payments/create?total=14420000 --> api
[debug] [2021-05-12T15:07:11.882Z] [worker-pool] addWorker(api) {"metadata":{"emulator":{"name":"functions"},"message":"[worker-pool] addWorker(api)"}}
[debug] [2021-05-12T15:07:11.882Z] [worker-pool] Adding worker with key api, total=1 {"metadata":{"emulator":{"name":"functions"},"message":"[worker-pool] Adding worker with key api, total=1"}}
[debug] [2021-05-12T15:07:11.882Z] [worker-pool] submitWork(triggerId=api) {"metadata":{"emulator":{"name":"functions"},"message":"[worker-pool] submitWork(triggerId=api)"}}
[debug] [2021-05-12T15:07:11.882Z] [worker-api-420545be-f413-4bc6-857d-576469033946]: Assigning socketPath: \\?\pipe\D:\Complete React Course\amazon-clone\amazon-clone\functions\10188 {"metadata":{"emulator":{"name":"functions"},"message":"[worker-api-420545be-f413-4bc6-857d-576469033946]: Assigning socketPath: \\\\?\\pipe\\D:\\Complete React Course\\amazon-clone\\amazon-clone\\functions\\10188"}}
[debug] [2021-05-12T15:07:11.882Z] [worker-api-420545be-f413-4bc6-857d-576469033946]: BUSY {"metadata":{"emulator":{"name":"functions"},"message":"[worker-api-420545be-f413-4bc6-857d-576469033946]: BUSY"}}
[debug] [2021-05-12T15:07:12.160Z] [runtime-status] [10188] Functions runtime initialized. {"cwd":"D:\\Complete React Course\\amazon-clone\\amazon-clone\\functions","node_version":"14.16.1"} {"metadata":{"emulator":{"name":"functions"},"function":{"name":"api"},"message":"[runtime-status] [10188] Functions runtime initialized. {\"cwd\":\"D:\\\\Complete React Course\\\\amazon-clone\\\\amazon-clone\\\\functions\",\"node_version\":\"14.16.1\"}"}}
[debug] [2021-05-12T15:07:12.162Z] [runtime-status] [10188] Disabled runtime features: undefined {"metadata":{"emulator":{"name":"functions"},"function":{"name":"api"},"message":"[runtime-status] [10188] Disabled runtime features: undefined"}}
[debug] [2021-05-12T15:07:12.165Z] [runtime-status] [10188] Resolved module firebase-admin {"declared":true,"installed":true,"version":"9.7.0","resolution":"D:\\Complete React Course\\amazon-clone\\amazon-clone\\functions\\node_modules\\firebase-admin\\lib\\index.js"} {"metadata":{"emulator":{"name":"functions"},"function":{"name":"api"},"message":"[runtime-status] [10188] Resolved module firebase-admin {\"declared\":true,\"installed\":true,\"version\":\"9.7.0\",\"resolution\":\"D:\\\\Complete React Course\\\\amazon-clone\\\\amazon-clone\\\\functions\\\\node_modules\\\\firebase-admin\\\\lib\\\\index.js\"}"}}
[debug] [2021-05-12T15:07:12.168Z] [runtime-status] [10188] Resolved module firebase-functions {"declared":true,"installed":true,"version":"3.13.2","resolution":"D:\\Complete React Course\\amazon-clone\\amazon-clone\\functions\\node_modules\\firebase-functions\\lib\\index.js"} {"metadata":{"emulator":{"name":"functions"},"function":{"name":"api"},"message":"[runtime-status] [10188] Resolved module firebase-functions {\"declared\":true,\"installed\":true,\"version\":\"3.13.2\",\"resolution\":\"D:\\\\Complete React Course\\\\amazon-clone\\\\amazon-clone\\\\functions\\\\node_modules\\\\firebase-functions\\\\lib\\\\index.js\"}"}}
[debug] [2021-05-12T15:07:12.170Z] [runtime-status] [10188] Resolved module firebase-functions {"declared":true,"installed":true,"version":"3.13.2","resolution":"D:\\Complete React Course\\amazon-clone\\amazon-clone\\functions\\node_modules\\firebase-functions\\lib\\index.js"} {"metadata":{"emulator":{"name":"functions"},"function":{"name":"api"},"message":"[runtime-status] [10188] Resolved module firebase-functions {\"declared\":true,\"installed\":true,\"version\":\"3.13.2\",\"resolution\":\"D:\\\\Complete React Course\\\\amazon-clone\\\\amazon-clone\\\\functions\\\\node_modules\\\\firebase-functions\\\\lib\\\\index.js\"}"}}
[debug] [2021-05-12T15:07:12.172Z] [runtime-status] [10188] Outgoing network have been stubbed. [{"name":"http","status":"mocked"},{"name":"http","status":"mocked"},{"name":"https","status":"mocked"},{"name":"https","status":"mocked"},{"name":"net","status":"mocked"}] {"metadata":{"emulator":{"name":"functions"},"function":{"name":"api"},"message":"[runtime-status] [10188] Outgoing network have been stubbed. [{\"name\":\"http\",\"status\":\"mocked\"},{\"name\":\"http\",\"status\":\"mocked\"},{\"name\":\"https\",\"status\":\"mocked\"},{\"name\":\"https\",\"status\":\"mocked\"},{\"name\":\"net\",\"status\":\"mocked\"}]"}}
[debug] [2021-05-12T15:07:12.173Z] [runtime-status] [10188] Resolved module firebase-functions {"declared":true,"installed":true,"version":"3.13.2","resolution":"D:\\Complete React Course\\amazon-clone\\amazon-clone\\functions\\node_modules\\firebase-functions\\lib\\index.js"} {"metadata":{"emulator":{"name":"functions"},"function":{"name":"api"},"message":"[runtime-status] [10188] Resolved module firebase-functions {\"declared\":true,\"installed\":true,\"version\":\"3.13.2\",\"resolution\":\"D:\\\\Complete React Course\\\\amazon-clone\\\\amazon-clone\\\\functions\\\\node_modules\\\\firebase-functions\\\\lib\\\\index.js\"}"}}
[debug] [2021-05-12T15:07:12.239Z] [runtime-status] [10188] Checked functions.config() {"config":{}} {"metadata":{"emulator":{"name":"functions"},"function":{"name":"api"},"message":"[runtime-status] [10188] Checked functions.config() {\"config\":{}}"}}
[debug] [2021-05-12T15:07:12.240Z] [runtime-status] [10188] firebase-functions has been stubbed. {"functionsResolution":{"declared":true,"installed":true,"version":"3.13.2","resolution":"D:\\Complete React Course\\amazon-clone\\amazon-clone\\functions\\node_modules\\firebase-functions\\lib\\index.js"}} {"metadata":{"emulator":{"name":"functions"},"function":{"name":"api"},"message":"[runtime-status] [10188] firebase-functions has been stubbed. {\"functionsResolution\":{\"declared\":true,\"installed\":true,\"version\":\"3.13.2\",\"resolution\":\"D:\\\\Complete React Course\\\\amazon-clone\\\\amazon-clone\\\\functions\\\\node_modules\\\\firebase-functions\\\\lib\\\\index.js\"}}"}}
[debug] [2021-05-12T15:07:12.240Z] [runtime-status] [10188] Resolved module firebase-functions {"declared":true,"installed":true,"version":"3.13.2","resolution":"D:\\Complete React Course\\amazon-clone\\amazon-clone\\functions\\node_modules\\firebase-functions\\lib\\index.js"} {"metadata":{"emulator":{"name":"functions"},"function":{"name":"api"},"message":"[runtime-status] [10188] Resolved module firebase-functions {\"declared\":true,\"installed\":true,\"version\":\"3.13.2\",\"resolution\":\"D:\\\\Complete React Course\\\\amazon-clone\\\\amazon-clone\\\\functions\\\\node_modules\\\\firebase-functions\\\\lib\\\\index.js\"}"}}
[debug] [2021-05-12T15:07:12.241Z] [runtime-status] [10188] Resolved module firebase-admin {"declared":true,"installed":true,"version":"9.7.0","resolution":"D:\\Complete React Course\\amazon-clone\\amazon-clone\\functions\\node_modules\\firebase-admin\\lib\\index.js"} {"metadata":{"emulator":{"name":"functions"},"function":{"name":"api"},"message":"[runtime-status] [10188] Resolved module firebase-admin {\"declared\":true,\"installed\":true,\"version\":\"9.7.0\",\"resolution\":\"D:\\\\Complete React Course\\\\amazon-clone\\\\amazon-clone\\\\functions\\\\node_modules\\\\firebase-admin\\\\lib\\\\index.js\"}"}}
[debug] [2021-05-12T15:07:12.242Z] [runtime-status] [10188] Resolved module firebase-functions {"declared":true,"installed":true,"version":"3.13.2","resolution":"D:\\Complete React Course\\amazon-clone\\amazon-clone\\functions\\node_modules\\firebase-functions\\lib\\index.js"} {"metadata":{"emulator":{"name":"functions"},"function":{"name":"api"},"message":"[runtime-status] [10188] Resolved module firebase-functions {\"declared\":true,\"installed\":true,\"version\":\"3.13.2\",\"resolution\":\"D:\\\\Complete React Course\\\\amazon-clone\\\\amazon-clone\\\\functions\\\\node_modules\\\\firebase-functions\\\\lib\\\\index.js\"}"}}
[debug] [2021-05-12T15:07:12.242Z] [runtime-status] [10188] firebase-admin has been stubbed. {"adminResolution":{"declared":true,"installed":true,"version":"9.7.0","resolution":"D:\\Complete React Course\\amazon-clone\\amazon-clone\\functions\\node_modules\\firebase-admin\\lib\\index.js"}} {"metadata":{"emulator":{"name":"functions"},"function":{"name":"api"},"message":"[runtime-status] [10188] firebase-admin has been stubbed. {\"adminResolution\":{\"declared\":true,\"installed\":true,\"version\":\"9.7.0\",\"resolution\":\"D:\\\\Complete React Course\\\\amazon-clone\\\\amazon-clone\\\\functions\\\\node_modules\\\\firebase-admin\\\\lib\\\\index.js\"}}"}}
[debug] [2021-05-12T15:07:12.438Z] [runtime-status] [10188] Trigger "api" has been found, beginning invocation! {"metadata":{"emulator":{"name":"functions"},"function":{"name":"api"},"message":"[runtime-status] [10188] Trigger \"api\" has been found, beginning invocation!"}}
[info] i  functions: Beginning execution of "api" {"metadata":{"emulator":{"name":"functions"},"function":{"name":"api"},"message":"Beginning execution of \"api\""}}
[debug] [2021-05-12T15:07:12.439Z] [runtime-status] [10188] triggerDefinition {"httpsTrigger":{},"name":"api","entryPoint":"api"} {"metadata":{"emulator":{"name":"functions"},"function":{"name":"api"},"message":"[runtime-status] [10188] triggerDefinition {\"httpsTrigger\":{},\"name\":\"api\",\"entryPoint\":\"api\"}"}}
[debug] [2021-05-12T15:07:12.440Z] [runtime-status] [10188] Running api in mode HTTPS {"metadata":{"emulator":{"name":"functions"},"function":{"name":"api"},"message":"[runtime-status] [10188] Running api in mode HTTPS"}}
[debug] [2021-05-12T15:07:12.442Z] [runtime-status] [10188] Attempting to listen to socketPath: \\?\pipe\D:\Complete React Course\amazon-clone\amazon-clone\functions\10188 {"metadata":{"emulator":{"name":"functions"},"function":{"name":"api"},"message":"[runtime-status] [10188] Attempting to listen to socketPath: \\\\?\\pipe\\D:\\Complete React Course\\amazon-clone\\amazon-clone\\functions\\10188"}}
[debug] [2021-05-12T15:07:12.446Z] [functions] Runtime ready! Sending request! {"metadata":{"emulator":{"name":"functions"},"message":"[functions] Runtime ready! Sending request!"}}
[debug] [2021-05-12T15:07:12.447Z] [functions] Got req.url=/clone-d2987/us-central1/api/payments/create?total=14420000, mapping to path=/payments/create?total=14420000 {"metadata":{"emulator":{"name":"functions"},"message":"[functions] Got req.url=/clone-d2987/us-central1/api/payments/create?total=14420000, mapping to path=/payments/create?total=14420000"}}
[debug] [2021-05-12T15:07:12.457Z] [runtime-status] [10188] Ephemeral server handling POST request {"metadata":{"emulator":{"name":"functions"},"function":{"name":"api"},"message":"[runtime-status] [10188] Ephemeral server handling POST request"}}
[info] >  PAYMENT REQUEST RECEIVED for this amount :  14420000 {"user":"PAYMENT REQUEST RECEIVED for this amount :  14420000","metadata":{"emulator":{"name":"functions"},"function":{"name":"api"},"message":"\u001b[90m> \u001b[39m PAYMENT REQUEST RECEIVED for this amount :  14420000"}}
[debug] [2021-05-12T15:07:12.471Z] [runtime-status] [10188] Ephemeral server survived. {"metadata":{"emulator":{"name":"functions"},"function":{"name":"api"},"message":"[runtime-status] [10188] Ephemeral server survived."}}
[info] i  functions: Finished "api" in ~1s {"metadata":{"emulator":{"name":"functions"},"function":{"name":"api"},"message":"Finished \"api\" in ~1s"}}
[debug] [2021-05-12T15:07:13.393Z] [worker-api-420545be-f413-4bc6-857d-576469033946]: IDLE {"metadata":{"emulator":{"name":"functions"},"message":"[worker-api-420545be-f413-4bc6-857d-576469033946]: IDLE"}}
[debug] [2021-05-12T15:07:13.393Z] [work-queue] {"queueLength":0,"workRunningCount":0}
[debug] [2021-05-12T15:07:27.760Z] [work-queue] {"queueLength":1,"workRunningCount":0}
[debug] [2021-05-12T15:07:27.760Z] [work-queue] {"queueLength":0,"workRunningCount":1}
[debug] [2021-05-12T15:07:27.760Z] Accepted request POST /clone-d2987/us-central1/api/payments/create?total=0 --> api
[debug] [2021-05-12T15:07:27.761Z] [worker-pool] submitWork(triggerId=api) {"metadata":{"emulator":{"name":"functions"},"message":"[worker-pool] submitWork(triggerId=api)"}}
[debug] [2021-05-12T15:07:27.761Z] [worker-api-420545be-f413-4bc6-857d-576469033946]: Assigning socketPath: \\?\pipe\D:\Complete React Course\amazon-clone\amazon-clone\functions\10188 {"metadata":{"emulator":{"name":"functions"},"message":"[worker-api-420545be-f413-4bc6-857d-576469033946]: Assigning socketPath: \\\\?\\pipe\\D:\\Complete React Course\\amazon-clone\\amazon-clone\\functions\\10188"}}
[debug] [2021-05-12T15:07:27.761Z] [worker-api-420545be-f413-4bc6-857d-576469033946]: BUSY {"metadata":{"emulator":{"name":"functions"},"message":"[worker-api-420545be-f413-4bc6-857d-576469033946]: BUSY"}}
[debug] [2021-05-12T15:07:27.761Z] [runtime-status] [10188] Trigger "api" has been found, beginning invocation! {"metadata":{"emulator":{"name":"functions"},"function":{"name":"api"},"message":"[runtime-status] [10188] Trigger \"api\" has been found, beginning invocation!"}}
[info] i  functions: Beginning execution of "api" {"metadata":{"emulator":{"name":"functions"},"function":{"name":"api"},"message":"Beginning execution of \"api\""}}
[debug] [2021-05-12T15:07:27.763Z] [runtime-status] [10188] triggerDefinition {"httpsTrigger":{},"name":"api","entryPoint":"api"} {"metadata":{"emulator":{"name":"functions"},"function":{"name":"api"},"message":"[runtime-status] [10188] triggerDefinition {\"httpsTrigger\":{},\"name\":\"api\",\"entryPoint\":\"api\"}"}}
[debug] [2021-05-12T15:07:27.764Z] [runtime-status] [10188] Running api in mode HTTPS {"metadata":{"emulator":{"name":"functions"},"function":{"name":"api"},"message":"[runtime-status] [10188] Running api in mode HTTPS"}}
[debug] [2021-05-12T15:07:27.765Z] [runtime-status] [10188] Attempting to listen to socketPath: \\?\pipe\D:\Complete React Course\amazon-clone\amazon-clone\functions\10188 {"metadata":{"emulator":{"name":"functions"},"function":{"name":"api"},"message":"[runtime-status] [10188] Attempting to listen to socketPath: \\\\?\\pipe\\D:\\Complete React Course\\amazon-clone\\amazon-clone\\functions\\10188"}}
[debug] [2021-05-12T15:07:27.766Z] [functions] Runtime ready! Sending request! {"metadata":{"emulator":{"name":"functions"},"message":"[functions] Runtime ready! Sending request!"}}
[debug] [2021-05-12T15:07:27.767Z] [functions] Got req.url=/clone-d2987/us-central1/api/payments/create?total=0, mapping to path=/payments/create?total=0 {"metadata":{"emulator":{"name":"functions"},"message":"[functions] Got req.url=/clone-d2987/us-central1/api/payments/create?total=0, mapping to path=/payments/create?total=0"}}
[debug] [2021-05-12T15:07:27.770Z] [runtime-status] [10188] Ephemeral server handling POST request {"metadata":{"emulator":{"name":"functions"},"function":{"name":"api"},"message":"[runtime-status] [10188] Ephemeral server handling POST request"}}
[info] >  PAYMENT REQUEST RECEIVED for this amount :  0 {"user":"PAYMENT REQUEST RECEIVED for this amount :  0","metadata":{"emulator":{"name":"functions"},"function":{"name":"api"},"message":"\u001b[90m> \u001b[39m PAYMENT REQUEST RECEIVED for this amount :  0"}}
[debug] [2021-05-12T15:07:27.772Z] [runtime-status] [10188] Ephemeral server survived. {"metadata":{"emulator":{"name":"functions"},"function":{"name":"api"},"message":"[runtime-status] [10188] Ephemeral server survived."}}
[info] >  (node:10188) UnhandledPromiseRejectionWarning: Error: This value must be greater than or equal to 1. {"user":"(node:10188) UnhandledPromiseRejectionWarning: Error: This value must be greater than or equal to 1.","metadata":{"emulator":{"name":"functions"},"function":{"name":"api"},"message":"\u001b[90m> \u001b[39m (node:10188) UnhandledPromiseRejectionWarning: Error: This value must be greater than or equal to 1."}}
[info] >      at Function.generate (D:\Complete React Course\amazon-clone\amazon-clone\functions\node_modules\stripe\lib\Error.js:40:16) {"user":"    at Function.generate (D:\\Complete React Course\\amazon-clone\\amazon-clone\\functions\\node_modules\\stripe\\lib\\Error.js:40:16)","metadata":{"emulator":{"name":"functions"},"function":{"name":"api"},"message":"\u001b[90m> \u001b[39m     at Function.generate (D:\\Complete React Course\\amazon-clone\\amazon-clone\\functions\\node_modules\\stripe\\lib\\Error.js:40:16)"}}
[info] >      at IncomingMessage.<anonymous> (D:\Complete React Course\amazon-clone\amazon-clone\functions\node_modules\stripe\lib\StripeResource.js:180:33) {"user":"    at IncomingMessage.<anonymous> (D:\\Complete React Course\\amazon-clone\\amazon-clone\\functions\\node_modules\\stripe\\lib\\StripeResource.js:180:33)","metadata":{"emulator":{"name":"functions"},"function":{"name":"api"},"message":"\u001b[90m> \u001b[39m     at IncomingMessage.<anonymous> (D:\\Complete React Course\\amazon-clone\\amazon-clone\\functions\\node_modules\\stripe\\lib\\StripeResource.js:180:33)"}}
[info] >      at Object.onceWrapper (events.js:421:28) {"user":"    at Object.onceWrapper (events.js:421:28)","metadata":{"emulator":{"name":"functions"},"function":{"name":"api"},"message":"\u001b[90m> \u001b[39m     at Object.onceWrapper (events.js:421:28)"}}
[info] >      at IncomingMessage.emit (events.js:327:22) {"user":"    at IncomingMessage.emit (events.js:327:22)","metadata":{"emulator":{"name":"functions"},"function":{"name":"api"},"message":"\u001b[90m> \u001b[39m     at IncomingMessage.emit (events.js:327:22)"}}
[info] >      at endReadableNT (internal/streams/readable.js:1327:12) {"user":"    at endReadableNT (internal/streams/readable.js:1327:12)","metadata":{"emulator":{"name":"functions"},"function":{"name":"api"},"message":"\u001b[90m> \u001b[39m     at endReadableNT (internal/streams/readable.js:1327:12)"}}
[info] >      at processTicksAndRejections (internal/process/task_queues.js:80:21) {"user":"    at processTicksAndRejections (internal/process/task_queues.js:80:21)","metadata":{"emulator":{"name":"functions"},"function":{"name":"api"},"message":"\u001b[90m> \u001b[39m     at processTicksAndRejections (internal/process/task_queues.js:80:21)"}}
[info] >  (Use `node --trace-warnings ...` to show where the warning was created) {"user":"(Use `node --trace-warnings ...` to show where the warning was created)","metadata":{"emulator":{"name":"functions"},"function":{"name":"api"},"message":"\u001b[90m> \u001b[39m (Use `node --trace-warnings ...` to show where the warning was created)"}}
[info] >  (node:10188) UnhandledPromiseRejectionWarning: Unhandled promise rejection. This error originated either by throwing inside of an async function without a catch block, or by rejecting a promise which was not handled with .catch(). To terminate the node process on unhandled promise rejection, use the CLI flag `--unhandled-rejections=strict` (see https://nodejs.org/api/cli.html#cli_unhandled_rejections_mode). (rejection id: 1) {"user":"(node:10188) UnhandledPromiseRejectionWarning: Unhandled promise rejection. This error originated either by throwing inside of an async function without a catch block, or by rejecting a promise which was not handled with .catch(). To terminate the node process on unhandled promise rejection, use the CLI flag `--unhandled-rejections=strict` (see https://nodejs.org/api/cli.html#cli_unhandled_rejections_mode). (rejection id: 1)","metadata":{"emulator":{"name":"functions"},"function":{"name":"api"},"message":"\u001b[90m> \u001b[39m (node:10188) UnhandledPromiseRejectionWarning: Unhandled promise rejection. This error originated either by throwing inside of an async function without a catch block, or by rejecting a promise which was not handled with .catch(). To terminate the node process on unhandled promise rejection, use the CLI flag `--unhandled-rejections=strict` (see https://nodejs.org/api/cli.html#cli_unhandled_rejections_mode). (rejection id: 1)"}}
[info] >  (node:10188) [DEP0018] DeprecationWarning: Unhandled promise rejections are deprecated. In the future, promise rejections that are not handled will terminate the Node.js process with a non-zero exit code. {"user":"(node:10188) [DEP0018] DeprecationWarning: Unhandled promise rejections are deprecated. In the future, promise rejections that are not handled will terminate the Node.js process with a non-zero exit code.","metadata":{"emulator":{"name":"functions"},"function":{"name":"api"},"message":"\u001b[90m> \u001b[39m (node:10188) [DEP0018] DeprecationWarning: Unhandled promise rejections are deprecated. In the future, promise rejections that are not handled will terminate the Node.js process with a non-zero exit code."}}
[warn] !  functions: Your function timed out after ~60s. To configure this timeout, see
      https://firebase.google.com/docs/functions/manage-functions#set_timeout_and_memory_allocation. {"metadata":{"emulator":{"name":"functions"},"function":{"name":"api"},"message":"Your function timed out after ~60s. To configure this timeout, see\n      https://firebase.google.com/docs/functions/manage-functions#set_timeout_and_memory_allocation."}}
[info] >  C:\Users\Abhirup5Dutta\AppData\Roaming\npm\node_modules\firebase-tools\lib\emulator\functionsEmulatorRuntime.js:648 {"user":"C:\\Users\\Abhirup5Dutta\\AppData\\Roaming\\npm\\node_modules\\firebase-tools\\lib\\emulator\\functionsEmulatorRuntime.js:648\r","metadata":{"emulator":{"name":"functions"},"function":{"name":"api"},"message":"\u001b[90m> \u001b[39m C:\\Users\\Abhirup5Dutta\\AppData\\Roaming\\npm\\node_modules\\firebase-tools\\lib\\emulator\\functionsEmulatorRuntime.js:648\r"}}
[info] >              throw new Error("Function timed out."); {"user":"            throw new Error(\"Function timed out.\");\r","metadata":{"emulator":{"name":"functions"},"function":{"name":"api"},"message":"\u001b[90m> \u001b[39m             throw new Error(\"Function timed out.\");\r"}}
[info] >              ^ {"user":"            ^\r","metadata":{"emulator":{"name":"functions"},"function":{"name":"api"},"message":"\u001b[90m> \u001b[39m             ^\r"}}
[info] >   {"user":"\r","metadata":{"emulator":{"name":"functions"},"function":{"name":"api"},"message":"\u001b[90m> \u001b[39m \r"}}
[info] >  Error: Function timed out. {"user":"Error: Function timed out.\r","metadata":{"emulator":{"name":"functions"},"function":{"name":"api"},"message":"\u001b[90m> \u001b[39m Error: Function timed out.\r"}}
[info] >      at Timeout._onTimeout (C:\Users\Abhirup5Dutta\AppData\Roaming\npm\node_modules\firebase-tools\lib\emulator\functionsEmulatorRuntime.js:648:19) {"user":"    at Timeout._onTimeout (C:\\Users\\Abhirup5Dutta\\AppData\\Roaming\\npm\\node_modules\\firebase-tools\\lib\\emulator\\functionsEmulatorRuntime.js:648:19)\r","metadata":{"emulator":{"name":"functions"},"function":{"name":"api"},"message":"\u001b[90m> \u001b[39m     at Timeout._onTimeout (C:\\Users\\Abhirup5Dutta\\AppData\\Roaming\\npm\\node_modules\\firebase-tools\\lib\\emulator\\functionsEmulatorRuntime.js:648:19)\r"}}
[info] >      at listOnTimeout (internal/timers.js:554:17) {"user":"    at listOnTimeout (internal/timers.js:554:17)\r","metadata":{"emulator":{"name":"functions"},"function":{"name":"api"},"message":"\u001b[90m> \u001b[39m     at listOnTimeout (internal/timers.js:554:17)\r"}}
[info] >      at processTimers (internal/timers.js:497:7) {"user":"    at processTimers (internal/timers.js:497:7)\r","metadata":{"emulator":{"name":"functions"},"function":{"name":"api"},"message":"\u001b[90m> \u001b[39m     at processTimers (internal/timers.js:497:7)\r"}}
[debug] [2021-05-12T15:08:27.784Z] [worker-api-420545be-f413-4bc6-857d-576469033946]: exited {"metadata":{"emulator":{"name":"functions"},"message":"[worker-api-420545be-f413-4bc6-857d-576469033946]: exited"}}
[debug] [2021-05-12T15:08:27.784Z] [worker-api-420545be-f413-4bc6-857d-576469033946]: FINISHED {"metadata":{"emulator":{"name":"functions"},"message":"[worker-api-420545be-f413-4bc6-857d-576469033946]: FINISHED"}}
[debug] [2021-05-12T15:08:27.784Z] [work-queue] {"queueLength":0,"workRunningCount":0}
[debug] [2021-05-12T15:10:22.902Z] [worker-~diagnostic~-20a63b90-ef33-4e31-9d33-bd1c2388d318]: exited {"metadata":{"emulator":{"name":"functions"},"message":"[worker-~diagnostic~-20a63b90-ef33-4e31-9d33-bd1c2388d318]: exited"}}
